<?xml version="1.0" encoding="UTF-8"?>
<testng-results ignored="0" total="0" passed="0" failed="0" skipped="0">
  <reporter-output>
  </reporter-output>
  <suite started-at="2022-03-28T20:36:13 IST" name="Default Suite" finished-at="2022-03-28T20:36:13 IST" duration-ms="4">
    <groups>
    </groups>
    <test started-at="2022-03-28T20:36:13 IST" name="MAIN_ASSIGNMENT" finished-at="2022-03-28T20:36:13 IST" duration-ms="4">
    </test> <!-- MAIN_ASSIGNMENT -->
  </suite> <!-- Default Suite -->
</testng-results>
